therion 5.3.10
initialization file: /etc/therion.ini
reading ... done
configuration file: thconfig
reading ... done
reading source files ... done
preprocessing database ... done
scanning centreline tree ... done
searching for centerline loops ... done
calculating station coordinates ... done
processing survey data ... 
####################### cavern log file ########################
 1> Survex 1.2.6
 2> Copyright © 1990-2012 Olly Betts
 3> Survey has no fixed points. Therefore I’ve fixed 1 at (0,0,0)
 4> 
 5> Survey contains 49 survey stations, joined by 48 shots.
 6> There are 0 loops.
 7> Total length of survey shots =  495.64m ( 495.64m adjusted)
 8> Total plan length of survey shots =  476.27m
 9> Total vertical length of survey shots =  104.71m
10> Vertical range = 34.87m (from 41 at 34.87m to 1 at 0.00m)
11> North-South range = 274.87m (from 1 at 0.00m to 49 at -274.87m)
12> East-West range = 103.89m (from 49 at 84.54m to 17 at -19.35m)
13>   10 1-nodes.
14>   37 2-nodes.
15>    1 3-node.
16>    1 9-node.
17> 
######################### transcription ########################
 3> 1 : INIZIO@inizio_felicita.fiume
 5> 49 : FINE@felicita_rinoceronte.fiume -- 48 : 17@felicita_rinoceronte.fiume
10> 41 : 10@felicita_rinoceronte.fiume -- 1 : INIZIO@inizio_felicita.fiume
11> 1 : INIZIO@inizio_felicita.fiume -- 49 : FINE@felicita_rinoceronte.fiume
12> 49 : FINE@felicita_rinoceronte.fiume -- 17 : S6@inizio_felicita.fiume
13> 10 : 10@inizio_felicita.fiume
14> 37 : 6@felicita_rinoceronte.fiume
15> 1 : INIZIO@inizio_felicita.fiume
16> 1 : INIZIO@inizio_felicita.fiume
#################### end of cavern log file ####################
done
calculating basic statistics ... done
processing extended elevation ... done
processing references ... done
selecting export objects ... done
writing build/grotta_del_fiume.3d ... done
processing projection plan ... done
writing build/grotta_del_fiume.pdf ...
####################### metapost log file ########################
This is MetaPost, version 1.803 (kpathsea version 6.1.1)  23 SEP 2014 23:02
**data.mp
(mpost.mp (/usr/share/texlive/texmf-dist/metapost/base/plain.mp
Preloading the plain mem file, version 1.004) ) (./data.mp [4001] [4002] [4003]
[4004] [4005] [4006] [4007] [4008] [4009] [4010] [4011] [4012]
[1] [2] (./mptextmp.mp) [3] )
 
Here is how much of MetaPost's memory you used:
 1115 strings using 26868 characters
 1710084 bytes of node memory
 1351 symbolic tokens
 8i,81n,11p,202b,4f stack positions out of 16i,96n,12p,250b,6f
15 output files written: data.1 .. data.4012


#################### end of metapost log file ####################
converting scraps ... done
making atlas ... done
######################## pdftex log file #########################
This is pdfTeX, Version 3.1415926-2.5-1.40.14 (TeX Live 2013/Debian) (format=pdfetex 2013.12.24)  23 SEP 2014 23:02
entering extended mode
 restricted \write18 enabled.
 %&-line parsing enabled.
**data.tex
(./data.tex (./th_enc.tex) (./th_texts.tex) (./th_resources.tex
(/usr/share/texlive/texmf-dist/tex/generic/pdftex/glyphtounicode.tex))
(./th_fontdef.tex{/var/lib/texmf/fonts/map/pdftex/updmap/pdftex.map})
(./th_formdef.tex) (./th_pagedef.tex) (./th_pages.tex [1] [2] [3] [4] [5]
[6] [7] [8] [9] [10] [11] [12] [13] [14] [15] [16] [17] [18] [19] [20] [21]
[22] [23] [24] [25] [26] [27] [28] [29] [30] [31] [32])
 112 numeric registers used out of 32768
 ) 
Here is how much of TeX's memory you used:
 305 strings out of 497114
 2579 string characters out of 6206951
 47600 words of memory out of 5000000
 1496 multiletter control sequences out of 15000+600000
 15404 words of font info for 52 fonts, out of 8000000 for 9000
 14 hyphenation exceptions out of 8191
 8i,7n,6p,238b,43s stack positions out of 5000i,500n,10000p,200000b,80000s
</usr/share/texlive/texmf-dist/fonts/type1/public/amsfonts/cm/cmss10.pfb></us
r/share/texlive/texmf-dist/fonts/type1/public/amsfonts/cm/cmsy10.pfb>
Output written on data.pdf (32 pages, 83697 bytes).
PDF statistics:
 919 PDF objects out of 1000 (max. 8388607)
 774 compressed objects within 8 object streams
 32 named destinations out of 1000 (max. 500000)
 623 words of extra memory for PDF output out of 10000 (max. 10000000)


##################### end of pdftex log file #####################
done
compilation time: 0 sec
therion: warning -- error deleting temporary directory -- /tmp/th10097
